Logfile initialized
[INFO] logfile = /Users/Harry/Documents/Titanium_Studio_Workspace/tromba/build.log
[DEBUG] /Users/Harry/Library/Application Support/Titanium/mobilesdk/osx/3.0.2.GA/android/builder.py simulator tromba /Users/Harry/Documents/androidSDK /Users/Harry/Documents/Titanium_Studio_Workspace/tromba come.littleroom.tromba 8 WVGA854 /127.0.0.1:51229
[INFO] Building tromba for Android ... one moment
[INFO] Titanium SDK version: 3.0.2 (02/15/13 19:02 5a77fe7)
[DEBUG] Waiting for device to be ready ...
[TRACE] adb devices returned 1 devices/emulators
[DEBUG] Device connected... (waited 0 seconds)
[DEBUG] waited 0.024464 seconds on emulator to get ready
[DEBUG] come.littleroom.tromba installed? True
[INFO] Fastdev server running, deploying in Fastdev mode
[INFO] Copying CommonJS modules...
[INFO] Copying project resources..
[TRACE] COPYING MODIFIED FILE: /Users/Harry/Documents/Titanium_Studio_Workspace/tromba/Resources/app.js => /Users/Harry/Documents/Titanium_Studio_Workspace/tromba/build/android/bin/assets/Resources/app.js
[INFO] Tiapp.xml unchanged, skipping class generation
[DEBUG] Processing Android resource drawables
[DEBUG] found drawable-long-land-hdpi splash screen at /Users/Harry/Documents/Titanium_Studio_Workspace/tromba/Resources/android/images/res-long-land-hdpi/default.png
[DEBUG] found drawable-long-land-ldpi splash screen at /Users/Harry/Documents/Titanium_Studio_Workspace/tromba/Resources/android/images/res-long-land-ldpi/default.png
[DEBUG] found drawable-long-port-hdpi splash screen at /Users/Harry/Documents/Titanium_Studio_Workspace/tromba/Resources/android/images/res-long-port-hdpi/default.png
[DEBUG] found drawable-long-port-ldpi splash screen at /Users/Harry/Documents/Titanium_Studio_Workspace/tromba/Resources/android/images/res-long-port-ldpi/default.png
[DEBUG] found drawable-notlong-land-hdpi splash screen at /Users/Harry/Documents/Titanium_Studio_Workspace/tromba/Resources/android/images/res-notlong-land-hdpi/default.png
[DEBUG] found drawable-notlong-land-ldpi splash screen at /Users/Harry/Documents/Titanium_Studio_Workspace/tromba/Resources/android/images/res-notlong-land-ldpi/default.png
[DEBUG] found drawable-notlong-land-mdpi splash screen at /Users/Harry/Documents/Titanium_Studio_Workspace/tromba/Resources/android/images/res-notlong-land-mdpi/default.png
[DEBUG] found drawable-notlong-port-hdpi splash screen at /Users/Harry/Documents/Titanium_Studio_Workspace/tromba/Resources/android/images/res-notlong-port-hdpi/default.png
[DEBUG] found drawable-notlong-port-ldpi splash screen at /Users/Harry/Documents/Titanium_Studio_Workspace/tromba/Resources/android/images/res-notlong-port-ldpi/default.png
[DEBUG] found drawable-notlong-port-mdpi splash screen at /Users/Harry/Documents/Titanium_Studio_Workspace/tromba/Resources/android/images/res-notlong-port-mdpi/default.png
[INFO] Re-launching application ... tromba
[INFO] Launching application ... tromba
[TRACE] Launch output: Starting: Intent { act=android.intent.action.MAIN cat=[android.intent.category.LAUNCHER] flg=0x10200000 cmp=come.littleroom.tromba/.TrombaActivity }

[INFO] Forwarding host port 51229 to device for debugging.
[INFO] Android Emulator has exited
